[35m[Appium][39m Welcome to Appium v1.15.1
[35m[Appium][39m Non-default server args:
[35m[Appium][39m   port: 40255
[35m[Appium][39m   chromeDriverPort: 32951
[35m[Appium][39m   tmpDir: /tmp/Katalon/Appium/Temp1576054140790
[35m[Appium][39m Appium REST http interface listener started on 0.0.0.0:40255
[35m[HTTP][39m [37m-->[39m [37mGET[39m [37m/wd/hub/status[39m
[35m[HTTP][39m [90m{}[39m
[debug] [35m[GENERIC][39m Calling AppiumDriver.getStatus() with args: []
[debug] [35m[GENERIC][39m Responding to client with driver.getStatus() result: {"build":{"version":"1.15.1"}}
[35m[HTTP][39m [37m<-- GET /wd/hub/status [39m[32m200[39m [90m28 ms - 68[39m
[35m[HTTP][39m [90m[39m
[35m[HTTP][39m [37m-->[39m [37mGET[39m [37m/wd/hub/status[39m
[35m[HTTP][39m [90m{}[39m
[debug] [35m[GENERIC][39m Calling AppiumDriver.getStatus() with args: []
[debug] [35m[GENERIC][39m Responding to client with driver.getStatus() result: {"build":{"version":"1.15.1"}}
[35m[HTTP][39m [37m<-- GET /wd/hub/status [39m[32m200[39m [90m5 ms - 68[39m
[35m[HTTP][39m [90m[39m
[35m[HTTP][39m [37m-->[39m [37mPOST[39m [37m/wd/hub/session[39m
[35m[HTTP][39m [90m{"desiredCapabilities":{"app":"/home/aji/Documents/Belajar/koperasi-syariah-212-android/app/build/outputs/apk/debug/app-debug.apk","noReset":true,"newCommandTimeout":1800,"platformVersion":"6.0.1","autoGrantPermissions":true,"platformName":"Android","udid":"dc9ce49e1f5c3","deviceName":"Xiaomi Redmi 4A (Android 6.0.1)","fullReset":false,"platform":"ANDROID","systemPort":33537},"capabilities":{"firstMatch":[{"appium:app":"/home/aji/Documents/Belajar/koperasi-syariah-212-android/app/build/outputs/apk/debug/app-debug.apk","appium:autoGrantPermissions":true,"appium:deviceName":"Xiaomi Redmi 4A (Android 6.0.1)","appium:fullReset":false,"appium:newCommandTimeout":1800,"appium:noReset":true,"platform":"ANDROID","platformName":"android","appium:platformVersion":"6.0.1","appium:systemPort":33537,"appium:udid":"dc9ce49e1f5c3"}]}}[39m
[debug] [35m[W3C][39m Calling AppiumDriver.createSession() with args: [{"app":"/home/aji/Documents/Belajar/koperasi-syariah-212-android/app/build/outputs/apk/debug/app-debug.apk","noReset":true,"newCommandTimeout":1800,"platformVersion":"6.0.1","autoGrantPermissions":true,"platformName":"Android","udid":"dc9ce49e1f5c3","deviceName":"Xiaomi Redmi 4A (Android 6.0.1)","fullReset":false,"platform":"ANDROID","systemPort":33537},null,{"firstMatch":[{"appium:app":"/home/aji/Documents/Belajar/koperasi-syariah-212-android/app/build/outputs/apk/debug/app-debug.apk","appium:autoGrantPermissions":true,"appium:deviceName":"Xiaomi Redmi 4A (Android 6.0.1)","appium:fullReset":false,"appium:newCommandTimeout":1800,"appium:noReset":true,"platform":"ANDROID","platformName":"android","appium:platformVersion":"6.0.1","appium:systemPort":33537,"appium:udid":"dc9ce49e1f5c3"}]}]
[debug] [35m[BaseDriver][39m Event 'newSessionRequested' logged at 1576054163638 (15:49:23 GMT+0700 (Western Indonesia Time))
[35m[BaseDriver][39m The capabilities ["platform"] are not standard capabilities and should have an extension prefix
[35m[Appium][39m 
[35m[Appium][39m ======================================================================
[35m[Appium][39m   DEPRECATION WARNING:
[35m[Appium][39m 
[35m[Appium][39m   The 'automationName' capability was not provided in the desired 
[35m[Appium][39m   capabilities for this Android session
[35m[Appium][39m 
[35m[Appium][39m   Setting 'automationName=UiAutomator2' by default and using the 
[35m[Appium][39m   UiAutomator2 Driver
[35m[Appium][39m 
[35m[Appium][39m   The next major version of Appium (2.x) will **require** the 
[35m[Appium][39m   'automationName' capability to be set for all sessions on all 
[35m[Appium][39m   platforms
[35m[Appium][39m 
[35m[Appium][39m   In previous versions (Appium <= 1.13.x), the default was 
[35m[Appium][39m   'automationName=UiAutomator1'
[35m[Appium][39m 
[35m[Appium][39m   If you wish to use that automation instead of UiAutomator2, please 
[35m[Appium][39m   add 'automationName=UiAutomator1' to your desired capabilities
[35m[Appium][39m 
[35m[Appium][39m   For more information about drivers, please visit 
[35m[Appium][39m   http://appium.io/docs/en/about-appium/intro/ and explore the 
[35m[Appium][39m   'Drivers' menu
[35m[Appium][39m 
[35m[Appium][39m ======================================================================
[35m[Appium][39m 
[35m[Appium][39m Appium v1.15.1 creating new AndroidUiautomator2Driver (v1.37.2) session
[debug] [35m[BaseDriver][39m W3C capabilities and MJSONWP desired capabilities were provided
[debug] [35m[BaseDriver][39m Creating session with W3C capabilities: {
[debug] [35m[BaseDriver][39m   "alwaysMatch": {
[debug] [35m[BaseDriver][39m     "appium:platform": "ANDROID",
[debug] [35m[BaseDriver][39m     "platformName": "android",
[debug] [35m[BaseDriver][39m     "appium:app": "/home/aji/Documents/Belajar/koperasi-syariah-212-android/app/build/outputs/apk/debug/app-debug.apk",
[debug] [35m[BaseDriver][39m     "appium:autoGrantPermissions": true,
[debug] [35m[BaseDriver][39m     "appium:deviceName": "Xiaomi Redmi 4A (Android 6.0.1)",
[debug] [35m[BaseDriver][39m     "appium:fullReset": false,
[debug] [35m[BaseDriver][39m     "appium:newCommandTimeout": 1800,
[debug] [35m[BaseDriver][39m     "appium:noReset": true,
[debug] [35m[BaseDriver][39m     "appium:platformVersion": "6.0.1",
[debug] [35m[BaseDriver][39m     "appium:systemPort": 33537,
[debug] [35m[BaseDriver][39m     "appium:udid": "dc9ce49e1f5c3"
[debug] [35m[BaseDriver][39m   },
[debug] [35m[BaseDriver][39m   "firstMatch": [
[debug] [35m[BaseDriver][39m     {}
[debug] [35m[BaseDriver][39m   ]
[debug] [35m[BaseDriver][39m }
[35m[BaseDriver][39m The following capabilities were provided, but are not recognized by Appium:
[35m[BaseDriver][39m   platform
[35m[BaseDriver][39m Session created with session id: 7dbfd47d-ab50-49b4-ac3a-b6bc0b01d453
[35m[BaseDriver][39m Using local app '/home/aji/Documents/Belajar/koperasi-syariah-212-android/app/build/outputs/apk/debug/app-debug.apk'
[debug] [35m[UiAutomator2][39m Checking whether app is actually present
[35m[ADB][39m Found 1 'build-tools' folders under '/home/aji/.katalon/tools/android_sdk' (newest first):
[35m[ADB][39m     /home/aji/.katalon/tools/android_sdk/build-tools/29.0.2
[35m[ADB][39m Using 'adb' from '/home/aji/.katalon/tools/android_sdk/platform-tools/adb'
[35m[AndroidDriver][39m Retrieving device list
[debug] [35m[ADB][39m Trying to find a connected android device
[debug] [35m[ADB][39m Getting connected devices...
[debug] [35m[ADB][39m Connected devices: [{"udid":"dc9ce49e1f5c3","state":"device"}]
[35m[AndroidDriver][39m Using device: dc9ce49e1f5c3
[35m[ADB][39m Using 'adb' from '/home/aji/.katalon/tools/android_sdk/platform-tools/adb'
[debug] [35m[ADB][39m Setting device id to dc9ce49e1f5c3
[debug] [35m[ADB][39m Running '/home/aji/.katalon/tools/android_sdk/platform-tools/adb -P 5037 -s dc9ce49e1f5c3 shell getprop ro.build.version.sdk'
[debug] [35m[ADB][39m Current device property 'ro.build.version.sdk': 23
[debug] [35m[ADB][39m Device API level: 23
[debug] [35m[AndroidDriver][39m Parsing package and activity from app manifest
[35m[ADB][39m Using 'apkanalyzer' from '/home/aji/.katalon/tools/android_sdk/tools/bin/apkanalyzer'
[debug] [35m[ADB][39m Starting '/home/aji/.katalon/tools/android_sdk/tools/bin/apkanalyzer' with args ["-h","manifest","print","/home/aji/Documents/Belajar/koperasi-syariah-212-android/app/build/outputs/apk/debug/app-debug.apk"]
[35m[ADB][39m Using the alternative activity name detection method because of: Command '/home/aji/.katalon/tools/android_sdk/tools/bin/apkanalyzer -h manifest print /home/aji/Documents/Belajar/koperasi-syariah-212-android/app/build/outputs/apk/debug/app-debug.apk' exited with code 1
[35m[ADB][39m Using 'aapt' from '/home/aji/.katalon/tools/android_sdk/build-tools/29.0.2/aapt'
[35m[ADB][39m Extracting package and launch activity from manifest
[35m[ADB][39m Package name: 'id.co.koperasisyariah212'
[35m[ADB][39m Main activity name: 'id.co.koperasisyariah212.ui.activities.SplashActivity'
[debug] [35m[AndroidDriver][39m Parsed package and activity are: id.co.koperasisyariah212/id.co.koperasisyariah212.ui.activities.SplashActivity
[debug] [35m[ADB][39m Running '/home/aji/.katalon/tools/android_sdk/platform-tools/adb -P 5037 -s dc9ce49e1f5c3 wait-for-device'
[debug] [35m[ADB][39m Running '/home/aji/.katalon/tools/android_sdk/platform-tools/adb -P 5037 -s dc9ce49e1f5c3 shell echo ping'
[debug] [35m[AndroidDriver][39m Pushing settings apk to device...
[debug] [35m[ADB][39m Getting install status for io.appium.settings
[debug] [35m[ADB][39m Running '/home/aji/.katalon/tools/android_sdk/platform-tools/adb -P 5037 -s dc9ce49e1f5c3 shell dumpsys package io.appium.settings'
[debug] [35m[ADB][39m 'io.appium.settings' is not installed
[debug] [35m[ADB][39m App '/home/aji/.npm-global/lib/node_modules/appium/node_modules/io.appium.settings/apks/settings_apk-debug.apk' is not installed
[debug] [35m[ADB][39m Installing '/home/aji/.npm-global/lib/node_modules/appium/node_modules/io.appium.settings/apks/settings_apk-debug.apk'
[debug] [35m[ADB][39m Running '/home/aji/.katalon/tools/android_sdk/platform-tools/adb -P 5037 -s dc9ce49e1f5c3 shell 'ls -t -1 /data/local/tmp/appium_cache 2>&1 || echo _ERROR_''
[debug] [35m[ADB][39m The current Android API does not support extended ls options. Defaulting to no-options call
[debug] [35m[ADB][39m Running '/home/aji/.katalon/tools/android_sdk/platform-tools/adb -P 5037 -s dc9ce49e1f5c3 shell 'ls /data/local/tmp/appium_cache 2>&1 || echo _ERROR_''
[debug] [35m[ADB][39m The count of applications in the cache: 4
[35m[ADB][39m The application at '/home/aji/.npm-global/lib/node_modules/appium/node_modules/io.appium.settings/apks/settings_apk-debug.apk' is already cached to '/data/local/tmp/appium_cache/3d97225b036c28750562ef8962defee6b1af19a4.apk'
[debug] [35m[ADB][39m Running '/home/aji/.katalon/tools/android_sdk/platform-tools/adb -P 5037 -s dc9ce49e1f5c3 shell pm install -g /data/local/tmp/appium_cache/3d97225b036c28750562ef8962defee6b1af19a4.apk'
[35m[ADB][39m The installation of 'settings_apk-debug.apk' took 8.190s
[debug] [35m[ADB][39m Install command stdout: pkg: /data/local/tmp/appium_cache/3d97225b036c28750562ef8962defee6b1af19a4.apk
[debug] [35m[ADB][39m Success
[debug] [35m[ADB][39m Getting IDs of all 'io.appium.settings' processes
[debug] [35m[ADB][39m Running '/home/aji/.katalon/tools/android_sdk/platform-tools/adb -P 5037 -s dc9ce49e1f5c3 shell 'pgrep --help; echo $?''
[debug] [35m[ADB][39m Running '/home/aji/.katalon/tools/android_sdk/platform-tools/adb -P 5037 -s dc9ce49e1f5c3 shell pgrep -f io\\.appium\\.settings'
[35m[AndroidDriver][39m Granting android.permission.SET_ANIMATION_SCALE, CHANGE_CONFIGURATION, ACCESS_FINE_LOCATION by pm grant
[debug] [35m[ADB][39m Granting permissions ["android.permission.SET_ANIMATION_SCALE","android.permission.CHANGE_CONFIGURATION","android.permission.ACCESS_FINE_LOCATION"] to 'io.appium.settings'
[debug] [35m[ADB][39m Got the following command chunks to execute: [["pm","grant","io.appium.settings","android.permission.SET_ANIMATION_SCALE",";","pm","grant","io.appium.settings","android.permission.CHANGE_CONFIGURATION",";","pm","grant","io.appium.settings","android.permission.ACCESS_FINE_LOCATION",";"]]
[debug] [35m[ADB][39m Running '/home/aji/.katalon/tools/android_sdk/platform-tools/adb -P 5037 -s dc9ce49e1f5c3 shell pm grant io.appium.settings android.permission.SET_ANIMATION_SCALE \; pm grant io.appium.settings android.permission.CHANGE_CONFIGURATION \; pm grant io.appium.settings android.permission.ACCESS_FINE_LOCATION \;'
[debug] [35m[ADB][39m Running '/home/aji/.katalon/tools/android_sdk/platform-tools/adb -P 5037 -s dc9ce49e1f5c3 shell am start -n io.appium.settings/.Settings -a android.intent.action.MAIN -c android.intent.category.LAUNCHER'
[debug] [35m[ADB][39m Getting IDs of all 'io.appium.settings' processes
[debug] [35m[ADB][39m Running '/home/aji/.katalon/tools/android_sdk/platform-tools/adb -P 5037 -s dc9ce49e1f5c3 shell pgrep -f io\\.appium\\.settings'
[debug] [35m[ADB][39m Running '/home/aji/.katalon/tools/android_sdk/platform-tools/adb -P 5037 -s dc9ce49e1f5c3 shell appops set io.appium.settings android\:mock_location allow'
[debug] [35m[Logcat][39m Starting logcat capture
[debug] [35m[ADB][39m Getting install status for io.appium.uiautomator2.server
[debug] [35m[ADB][39m Running '/home/aji/.katalon/tools/android_sdk/platform-tools/adb -P 5037 -s dc9ce49e1f5c3 shell dumpsys package io.appium.uiautomator2.server'
[debug] [35m[ADB][39m 'io.appium.uiautomator2.server' is installed
[debug] [35m[ADB][39m Getting package info for 'io.appium.uiautomator2.server'
[debug] [35m[ADB][39m Running '/home/aji/.katalon/tools/android_sdk/platform-tools/adb -P 5037 -s dc9ce49e1f5c3 shell dumpsys package io.appium.uiautomator2.server'
[debug] [35m[ADB][39m Starting '/home/aji/.katalon/tools/android_sdk/tools/bin/apkanalyzer' with args ["manifest","print","/home/aji/.npm-global/lib/node_modules/appium/node_modules/appium-uiautomator2-server/apks/appium-uiautomator2-server-v4.3.0.apk"]
[35m[ADB][39m Cannot extract apk info using apkanalyzer. Falling back to aapt. Original error: Command '/home/aji/.katalon/tools/android_sdk/tools/bin/apkanalyzer manifest print /home/aji/.npm-global/lib/node_modules/appium/node_modules/appium-uiautomator2-server/apks/appium-uiautomator2-server-v4.3.0.apk' exited with code 1
[debug] [35m[ADB][39m The version name of the installed 'io.appium.uiautomator2.server' is greater or equal to the application version name ('4.3.0' >= '4.3.0')
[debug] [35m[UiAutomator2][39m io.appium.uiautomator2.server installation state: sameVersionInstalled
[debug] [35m[ADB][39m Checking app cert for /home/aji/.npm-global/lib/node_modules/appium/node_modules/appium-uiautomator2-server/apks/appium-uiautomator2-server-v4.3.0.apk
[35m[ADB][39m Using 'apksigner' from '/home/aji/.katalon/tools/android_sdk/build-tools/29.0.2/apksigner'
[debug] [35m[ADB][39m Starting '/home/aji/.katalon/tools/android_sdk/build-tools/29.0.2/apksigner' with args '["verify","--print-certs","/home/aji/.npm-global/lib/node_modules/appium/node_modules/appium-uiautomator2-server/apks/appium-uiautomator2-server-v4.3.0.apk"]'
[debug] [35m[ADB][39m apksigner stdout: Signer #1 certificate DN: EMAILADDRESS=android@android.com, CN=Android, OU=Android, O=Android, L=Mountain View, ST=California, C=US
[debug] [35m[ADB][39m Signer #1 certificate SHA-256 digest: a40da80a59d170caa950cf15c18c454d47a39b26989d8b640ecd745ba71bf5dc
[debug] [35m[ADB][39m Signer #1 certificate SHA-1 digest: 61ed377e85d386a8dfee6b864bd85b0bfaa5af81
[debug] [35m[ADB][39m Signer #1 certificate MD5 digest: e89b158e4bcf988ebd09eb83f5378e87
[debug] [35m[ADB][39m 
[debug] [35m[ADB][39m '/home/aji/.npm-global/lib/node_modules/appium/node_modules/appium-uiautomator2-server/apks/appium-uiautomator2-server-v4.3.0.apk' is already signed.
[debug] [35m[ADB][39m Getting install status for io.appium.uiautomator2.server.test
[debug] [35m[ADB][39m Running '/home/aji/.katalon/tools/android_sdk/platform-tools/adb -P 5037 -s dc9ce49e1f5c3 shell dumpsys package io.appium.uiautomator2.server.test'
[debug] [35m[ADB][39m 'io.appium.uiautomator2.server.test' is installed
[debug] [35m[ADB][39m Checking app cert for /home/aji/.npm-global/lib/node_modules/appium/node_modules/appium-uiautomator2-server/apks/appium-uiautomator2-server-debug-androidTest.apk
[debug] [35m[ADB][39m Starting '/home/aji/.katalon/tools/android_sdk/build-tools/29.0.2/apksigner' with args '["verify","--print-certs","/home/aji/.npm-global/lib/node_modules/appium/node_modules/appium-uiautomator2-server/apks/appium-uiautomator2-server-debug-androidTest.apk"]'
[debug] [35m[ADB][39m apksigner stdout: Signer #1 certificate DN: EMAILADDRESS=android@android.com, CN=Android, OU=Android, O=Android, L=Mountain View, ST=California, C=US
[debug] [35m[ADB][39m Signer #1 certificate SHA-256 digest: a40da80a59d170caa950cf15c18c454d47a39b26989d8b640ecd745ba71bf5dc
[debug] [35m[ADB][39m Signer #1 certificate SHA-1 digest: 61ed377e85d386a8dfee6b864bd85b0bfaa5af81
[debug] [35m[ADB][39m Signer #1 certificate MD5 digest: e89b158e4bcf988ebd09eb83f5378e87
[debug] [35m[ADB][39m 
[debug] [35m[ADB][39m '/home/aji/.npm-global/lib/node_modules/appium/node_modules/appium-uiautomator2-server/apks/appium-uiautomator2-server-debug-androidTest.apk' is already signed.
[35m[UiAutomator2][39m Server packages are not going to be (re)installed
[debug] [35m[UiAutomator2][39m Waiting up to 30000ms for services to be available
[debug] [35m[ADB][39m Running '/home/aji/.katalon/tools/android_sdk/platform-tools/adb -P 5037 -s dc9ce49e1f5c3 shell pm list instrumentation'
[debug] [35m[UiAutomator2][39m Instrumentation target 'io.appium.uiautomator2.server.test/androidx.test.runner.AndroidJUnitRunner' is available
[debug] [35m[UiAutomator2][39m Forwarding UiAutomator2 Server port 6790 to 33537
[debug] [35m[ADB][39m Forwarding system: 33537 to device: 6790
[debug] [35m[ADB][39m Running '/home/aji/.katalon/tools/android_sdk/platform-tools/adb -P 5037 -s dc9ce49e1f5c3 forward tcp\:33537 tcp\:6790'
[debug] [35m[ADB][39m Checking app cert for /home/aji/Documents/Belajar/koperasi-syariah-212-android/app/build/outputs/apk/debug/app-debug.apk
[debug] [35m[ADB][39m Starting '/home/aji/.katalon/tools/android_sdk/build-tools/29.0.2/apksigner' with args '["verify","--print-certs","/home/aji/Documents/Belajar/koperasi-syariah-212-android/app/build/outputs/apk/debug/app-debug.apk"]'
[debug] [35m[ADB][39m apksigner stdout: Signer #1 certificate DN: EMAILADDRESS=android@android.com, CN=Android, OU=Android, O=Android, L=Mountain View, ST=California, C=US
[debug] [35m[ADB][39m Signer #1 certificate SHA-256 digest: a40da80a59d170caa950cf15c18c454d47a39b26989d8b640ecd745ba71bf5dc
[debug] [35m[ADB][39m Signer #1 certificate SHA-1 digest: 61ed377e85d386a8dfee6b864bd85b0bfaa5af81
[debug] [35m[ADB][39m Signer #1 certificate MD5 digest: e89b158e4bcf988ebd09eb83f5378e87
[debug] [35m[ADB][39m 
[debug] [35m[ADB][39m '/home/aji/Documents/Belajar/koperasi-syariah-212-android/app/build/outputs/apk/debug/app-debug.apk' is already signed.
[debug] [35m[ADB][39m Getting install status for id.co.koperasisyariah212
[debug] [35m[ADB][39m Running '/home/aji/.katalon/tools/android_sdk/platform-tools/adb -P 5037 -s dc9ce49e1f5c3 shell dumpsys package id.co.koperasisyariah212'
[debug] [35m[ADB][39m 'id.co.koperasisyariah212' is not installed
[debug] [35m[ADB][39m App '/home/aji/Documents/Belajar/koperasi-syariah-212-android/app/build/outputs/apk/debug/app-debug.apk' is not installed
[debug] [35m[ADB][39m Installing '/home/aji/Documents/Belajar/koperasi-syariah-212-android/app/build/outputs/apk/debug/app-debug.apk'
[debug] [35m[ADB][39m Running '/home/aji/.katalon/tools/android_sdk/platform-tools/adb -P 5037 -s dc9ce49e1f5c3 shell 'ls /data/local/tmp/appium_cache 2>&1 || echo _ERROR_''
[debug] [35m[ADB][39m The count of applications in the cache: 4
[35m[ADB][39m The application at '/home/aji/Documents/Belajar/koperasi-syariah-212-android/app/build/outputs/apk/debug/app-debug.apk' is already cached to '/data/local/tmp/appium_cache/8d1cd4e579a0c43814af7aabc4f2a515581a51b1.apk'
[debug] [35m[ADB][39m Running '/home/aji/.katalon/tools/android_sdk/platform-tools/adb -P 5037 -s dc9ce49e1f5c3 shell pm install -g /data/local/tmp/appium_cache/8d1cd4e579a0c43814af7aabc4f2a515581a51b1.apk'
[35m[ADB][39m The installation of 'app-debug.apk' took 18.334s
[debug] [35m[ADB][39m Install command stdout: pkg: /data/local/tmp/appium_cache/8d1cd4e579a0c43814af7aabc4f2a515581a51b1.apk
[debug] [35m[ADB][39m Success
[debug] [35m[UiAutomator2][39m Performing shallow cleanup of automation leftovers
[debug] [35m[UiAutomator2][39m No obsolete sessions have been detected (Error: socket hang up)
[debug] [35m[ADB][39m Running '/home/aji/.katalon/tools/android_sdk/platform-tools/adb -P 5037 -s dc9ce49e1f5c3 shell am force-stop io.appium.uiautomator2.server.test'
[35m[UiAutomator2][39m Starting UIAutomator2 server 4.3.0
[35m[UiAutomator2][39m Using UIAutomator2 server from '/home/aji/.npm-global/lib/node_modules/appium/node_modules/appium-uiautomator2-server/apks/appium-uiautomator2-server-v4.3.0.apk' and test from '/home/aji/.npm-global/lib/node_modules/appium/node_modules/appium-uiautomator2-server/apks/appium-uiautomator2-server-debug-androidTest.apk'
[35m[UiAutomator2][39m Waiting up to 30000ms for UiAutomator2 to be online...
[debug] [35m[ADB][39m Creating ADB subprocess with args: ["-P",5037,"-s","dc9ce49e1f5c3","shell","am","instrument","-w","io.appium.uiautomator2.server.test/androidx.test.runner.AndroidJUnitRunner"]
[debug] [35m[WD Proxy][39m Matched '/status' to command name 'getStatus'
[debug] [35m[WD Proxy][39m Proxying [GET /status] to [GET http://localhost:33537/wd/hub/status] with no body
[35m[WD Proxy][39m Got an unexpected response with status undefined: {"code":"ECONNRESET"}
[debug] [35m[Instrumentation][39m io.appium.uiautomator2.server.test.AppiumUiAutomator2Server:
[debug] [35m[WD Proxy][39m Matched '/status' to command name 'getStatus'
[debug] [35m[WD Proxy][39m Proxying [GET /status] to [GET http://localhost:33537/wd/hub/status] with no body
[35m[WD Proxy][39m Got an unexpected response with status undefined: {"code":"ECONNRESET"}
[debug] [35m[WD Proxy][39m Matched '/status' to command name 'getStatus'
[debug] [35m[WD Proxy][39m Proxying [GET /status] to [GET http://localhost:33537/wd/hub/status] with no body
[debug] [35m[WD Proxy][39m Got response with status 200: {"sessionId":"None","value":{"ready":true,"message":"UiAutomator2 Server is ready to accept commands"}}
[debug] [35m[UiAutomator2][39m The initialization of the instrumentation process took 3122ms
[debug] [35m[WD Proxy][39m Matched '/session' to command name 'createSession'
[debug] [35m[WD Proxy][39m Proxying [POST /session] to [POST http://localhost:33537/wd/hub/session] with body: {"capabilities":{"firstMatch":[{"platform":"ANDROID","webStorageEnabled":false,"takesScreenshot":true,"javascriptEnabled":true,"databaseEnabled":false,"networkConnectionEnabled":true,"locationContextEnabled":false,"warnings":{},"desired":{"platformName":"android","platform":"ANDROID","app":"/home/aji/Documents/Belajar/koperasi-syariah-212-android/app/build/outputs/apk/debug/app-debug.apk","autoGrantPermissions":true,"deviceName":"Xiaomi Redmi 4A (Android 6.0.1)","fullReset":false,"newCommandTimeout":1800,"noReset":true,"platformVersion":"6.0.1","systemPort":33537,"udid":"dc9ce49e1f5c3"},"platformName":"android","app":"/home/aji/Documents/Belajar/koperasi-syariah-212-android/app/build/outputs/apk/debug/app-debug.apk","autoGrantPermissions":true,"deviceName":"dc9ce49e1f5c3","fullReset":false,"newCommandTimeout":1800,"noReset":true,"platformVersion":"6.0.1","systemPort":33537,"udid":"dc9ce49e1f5c3","deviceUDID":"dc9ce49e1f5c3","appPackage":"id.co.koperasisyariah212"}],"alwaysMatch":{}}}
[debug] [35m[WD Proxy][39m Got response with status 200: {"sessionId":"1e59e0dd-e3a2-4549-bcf0-142bef04e8ab","value":{"sessionId":"1e59e0dd-e3a2-4549-bcf0-142bef04e8ab","capabilities":{"firstMatch":[{"platform":"ANDROID","webStorageEnabled":false,"takesScreenshot":true,"javascriptEnabled":true,"databaseEnabled":false,"networkConnectionEnabled":true,"locationContextEnabled":false,"warnings":{},"desired":{"platformName":"android","platform":"ANDROID","app":"/home/aji/Documents/Belajar/koperasi-syariah-212-android/app/build/outputs/apk/debug/app-debug.apk","autoGrantPermissions":true,"deviceName":"Xiaomi Redmi 4A (Android 6.0.1)","fullReset":false,"newCommandTimeout":1800,"noReset":true,"platformVersion":"6.0.1","systemPort":33537,"udid":"dc9ce49e1f5c3"},"platformName":"android","app":"/home/aji/Documents/Belajar/koperasi-syariah-212-android/app/build/outputs/apk/debug/app-debug.apk","autoGrantPermissions":true,"deviceName":"dc9ce49e1f5c3","fullReset":false,"newCommandTimeout":1800,"noReset":true,"platformVersion":"6.0.1","systemPort":33537,"udid":"dc9ce49e1f5c3","...
[35m[WD Proxy][39m Determined the downstream protocol as 'W3C'
[debug] [35m[WD Proxy][39m Proxying [GET /appium/device/info] to [GET http://localhost:33537/wd/hub/session/1e59e0dd-e3a2-4549-bcf0-142bef04e8ab/appium/device/info] with no body
[debug] [35m[WD Proxy][39m Got response with status 200: {"sessionId":"1e59e0dd-e3a2-4549-bcf0-142bef04e8ab","value":{"androidId":"837538dcd24b455c","manufacturer":"Xiaomi","model":"Redmi 4A","brand":"Xiaomi","apiVersion":"23","platformVersion":"6.0.1","carrierName":"","realDisplaySize":"720x1280","displayDensity":320,"networks":[{"type":1,"typeName":"WIFI","subtype":0,"subtypeName":"","isConnected":true,"detailedState":"CONNECTED","state":"CONNECTED","extraInfo":"\"aktivisi indihome\"","isAvailable":true,"isFailover":false,"isRoaming":false,"capabilities":{"transportTypes":"NET_CAPABILITY_SUPL","networkCapabilities":"","linkUpstreamBandwidthKbps":1048576,"linkDownBandwidthKbps":1048576,"signalStrength":-53,"networkSpecifier":null,"SSID":null}}],"locale":"in_ID","timeZone":"Asia\/Jakarta"}}
[debug] [35m[ADB][39m Running '/home/aji/.katalon/tools/android_sdk/platform-tools/adb -P 5037 -s dc9ce49e1f5c3 shell dumpsys window'
[35m[AndroidDriver][39m Screen already unlocked, doing nothing
[35m[UiAutomator2][39m Starting 'id.co.koperasisyariah212/id.co.koperasisyariah212.ui.activities.SplashActivity and waiting for 'id.co.koperasisyariah212/id.co.koperasisyariah212.ui.activities.SplashActivity'
[debug] [35m[ADB][39m Running '/home/aji/.katalon/tools/android_sdk/platform-tools/adb -P 5037 -s dc9ce49e1f5c3 shell am start -W -n id.co.koperasisyariah212/id.co.koperasisyariah212.ui.activities.SplashActivity -S -a android.intent.action.MAIN -c android.intent.category.LAUNCHER -f 0x10200000'
[debug] [35m[ADB][39m Waiting up to 20000ms for activity matching pkg: 'id.co.koperasisyariah212' and activity: 'id.co.koperasisyariah212.ui.activities.SplashActivity' to be focused
[debug] [35m[ADB][39m Possible activities, to be checked: 'id.co.koperasisyariah212.ui.activities.SplashActivity', 'id.co.koperasisyariah212.id.co.koperasisyariah212.ui.activities.SplashActivity'
[debug] [35m[ADB][39m Getting focused package and activity
[debug] [35m[ADB][39m Running '/home/aji/.katalon/tools/android_sdk/platform-tools/adb -P 5037 -s dc9ce49e1f5c3 shell dumpsys window windows'
[debug] [35m[ADB][39m Found package: 'id.co.koperasisyariah212' and fully qualified activity name : 'id.co.koperasisyariah212.ui.activities.SplashActivity'
[debug] [35m[WD Proxy][39m Proxying [GET /appium/device/pixel_ratio] to [GET http://localhost:33537/wd/hub/session/1e59e0dd-e3a2-4549-bcf0-142bef04e8ab/appium/device/pixel_ratio] with body: {}
[debug] [35m[WD Proxy][39m Got response with status 200: {"sessionId":"1e59e0dd-e3a2-4549-bcf0-142bef04e8ab","value":2}
[debug] [35m[WD Proxy][39m Matched '/appium/device/system_bars' to command name 'getSystemBars'
[debug] [35m[WD Proxy][39m Proxying [GET /appium/device/system_bars] to [GET http://localhost:33537/wd/hub/session/1e59e0dd-e3a2-4549-bcf0-142bef04e8ab/appium/device/system_bars] with body: {}
[debug] [35m[WD Proxy][39m Got response with status 200: {"sessionId":"1e59e0dd-e3a2-4549-bcf0-142bef04e8ab","value":{"statusBar":48}}
[debug] [35m[WD Proxy][39m Matched '/window/current/size' to command name 'getWindowSize'
[debug] [35m[WD Proxy][39m Proxying [GET /window/current/size] to [GET http://localhost:33537/wd/hub/session/1e59e0dd-e3a2-4549-bcf0-142bef04e8ab/window/current/size] with body: {}
[debug] [35m[WD Proxy][39m Got response with status 200: {"sessionId":"1e59e0dd-e3a2-4549-bcf0-142bef04e8ab","value":{"height":1280,"width":720}}
[35m[Appium][39m New AndroidUiautomator2Driver session created successfully, session 7dbfd47d-ab50-49b4-ac3a-b6bc0b01d453 added to master session list
[debug] [35m[BaseDriver][39m Event 'newSessionStarted' logged at 1576054215668 (15:50:15 GMT+0700 (Western Indonesia Time))
[debug] [35m[W3C (7dbfd47d)][39m Cached the protocol value 'W3C' for the new session 7dbfd47d-ab50-49b4-ac3a-b6bc0b01d453
[debug] [35m[W3C (7dbfd47d)][39m Responding to client with driver.createSession() result: {"capabilities":{"platform":"ANDROID","webStorageEnabled":false,"takesScreenshot":true,"javascriptEnabled":true,"databaseEnabled":false,"networkConnectionEnabled":true,"locationContextEnabled":false,"warnings":{},"desired":{"platformName":"android","platform":"ANDROID","app":"/home/aji/Documents/Belajar/koperasi-syariah-212-android/app/build/outputs/apk/debug/app-debug.apk","autoGrantPermissions":true,"deviceName":"Xiaomi Redmi 4A (Android 6.0.1)","fullReset":false,"newCommandTimeout":1800,"noReset":true,"platformVersion":"6.0.1","systemPort":33537,"udid":"dc9ce49e1f5c3"},"platformName":"android","app":"/home/aji/Documents/Belajar/koperasi-syariah-212-android/app/build/outputs/apk/debug/app-debug.apk","autoGrantPermissions":true,"deviceName":"dc9ce49e1f5c3","fullReset":false,"newCommandTimeout":1800,"noReset":true,"platformVersion":"6.0.1","systemPort":33537,"udid":"dc9ce49e1f5c3","deviceUDID":"dc9ce49e1f5c3","appPackage":"id.co.koperasisyariah212","deviceApiLevel":23,"deviceScreenSize":"720x1280","deviceS...
[35m[HTTP][39m [37m<-- POST /wd/hub/session [39m[32m200[39m [90m52037 ms - 1251[39m
[35m[HTTP][39m [90m[39m
[35m[HTTP][39m [37m-->[39m [37mGET[39m [37m/wd/hub/session/7dbfd47d-ab50-49b4-ac3a-b6bc0b01d453[39m
[35m[HTTP][39m [90m{}[39m
[debug] [35m[W3C (7dbfd47d)][39m Calling AppiumDriver.getSession() with args: ["7dbfd47d-ab50-49b4-ac3a-b6bc0b01d453"]
[debug] [35m[UiAutomator2][39m Getting session details from server to mix in
[debug] [35m[WD Proxy][39m Matched '/' to command name 'getSession'
[debug] [35m[WD Proxy][39m Proxying [GET /] to [GET http://localhost:33537/wd/hub/session/1e59e0dd-e3a2-4549-bcf0-142bef04e8ab] with body: {}
[debug] [35m[WD Proxy][39m Got response with status 200: {"sessionId":"1e59e0dd-e3a2-4549-bcf0-142bef04e8ab","value":{}}
[debug] [35m[W3C (7dbfd47d)][39m Responding to client with driver.getSession() result: {"platform":"ANDROID","webStorageEnabled":false,"takesScreenshot":true,"javascriptEnabled":true,"databaseEnabled":false,"networkConnectionEnabled":true,"locationContextEnabled":false,"warnings":{},"desired":{"platformName":"android","platform":"ANDROID","app":"/home/aji/Documents/Belajar/koperasi-syariah-212-android/app/build/outputs/apk/debug/app-debug.apk","autoGrantPermissions":true,"deviceName":"Xiaomi Redmi 4A (Android 6.0.1)","fullReset":false,"newCommandTimeout":1800,"noReset":true,"platformVersion":"6.0.1","systemPort":33537,"udid":"dc9ce49e1f5c3"},"platformName":"android","app":"/home/aji/Documents/Belajar/koperasi-syariah-212-android/app/build/outputs/apk/debug/app-debug.apk","autoGrantPermissions":true,"deviceName":"dc9ce49e1f5c3","fullReset":false,"newCommandTimeout":1800,"noReset":true,"platformVersion":"6.0.1","systemPort":33537,"udid":"dc9ce49e1f5c3","deviceUDID":"dc9ce49e1f5c3","appPackage":"id.co.koperasisyariah212","deviceApiLevel":23,"deviceScreenSize":"720x1280","deviceScreenDensity":32...
[35m[HTTP][39m [37m<-- GET /wd/hub/session/7dbfd47d-ab50-49b4-ac3a-b6bc0b01d453 [39m[32m200[39m [90m97 ms - 1183[39m
[35m[HTTP][39m [90m[39m
[35m[HTTP][39m [37m-->[39m [37mGET[39m [37m/wd/hub/session/7dbfd47d-ab50-49b4-ac3a-b6bc0b01d453[39m
[35m[HTTP][39m [90m{}[39m
[debug] [35m[W3C (7dbfd47d)][39m Calling AppiumDriver.getSession() with args: ["7dbfd47d-ab50-49b4-ac3a-b6bc0b01d453"]
[debug] [35m[UiAutomator2][39m Getting session details from server to mix in
[debug] [35m[WD Proxy][39m Matched '/' to command name 'getSession'
[debug] [35m[WD Proxy][39m Proxying [GET /] to [GET http://localhost:33537/wd/hub/session/1e59e0dd-e3a2-4549-bcf0-142bef04e8ab] with body: {}
[debug] [35m[WD Proxy][39m Got response with status 200: {"sessionId":"1e59e0dd-e3a2-4549-bcf0-142bef04e8ab","value":{}}
[debug] [35m[W3C (7dbfd47d)][39m Responding to client with driver.getSession() result: {"platform":"ANDROID","webStorageEnabled":false,"takesScreenshot":true,"javascriptEnabled":true,"databaseEnabled":false,"networkConnectionEnabled":true,"locationContextEnabled":false,"warnings":{},"desired":{"platformName":"android","platform":"ANDROID","app":"/home/aji/Documents/Belajar/koperasi-syariah-212-android/app/build/outputs/apk/debug/app-debug.apk","autoGrantPermissions":true,"deviceName":"Xiaomi Redmi 4A (Android 6.0.1)","fullReset":false,"newCommandTimeout":1800,"noReset":true,"platformVersion":"6.0.1","systemPort":33537,"udid":"dc9ce49e1f5c3"},"platformName":"android","app":"/home/aji/Documents/Belajar/koperasi-syariah-212-android/app/build/outputs/apk/debug/app-debug.apk","autoGrantPermissions":true,"deviceName":"dc9ce49e1f5c3","fullReset":false,"newCommandTimeout":1800,"noReset":true,"platformVersion":"6.0.1","systemPort":33537,"udid":"dc9ce49e1f5c3","deviceUDID":"dc9ce49e1f5c3","appPackage":"id.co.koperasisyariah212","deviceApiLevel":23,"deviceScreenSize":"720x1280","deviceScreenDensity":32...
[35m[HTTP][39m [37m<-- GET /wd/hub/session/7dbfd47d-ab50-49b4-ac3a-b6bc0b01d453 [39m[32m200[39m [90m19 ms - 1183[39m
[35m[HTTP][39m [90m[39m
[35m[HTTP][39m [37m-->[39m [37mGET[39m [37m/wd/hub/status[39m
[35m[HTTP][39m [90m{}[39m
[debug] [35m[GENERIC][39m Calling AppiumDriver.getStatus() with args: []
[debug] [35m[GENERIC][39m Responding to client with driver.getStatus() result: {"build":{"version":"1.15.1"}}
[35m[HTTP][39m [37m<-- GET /wd/hub/status [39m[32m200[39m [90m3 ms - 68[39m
[35m[HTTP][39m [90m[39m
[35m[HTTP][39m [37m-->[39m [37mPOST[39m [37m/wd/hub/session/7dbfd47d-ab50-49b4-ac3a-b6bc0b01d453/timeouts[39m
[35m[HTTP][39m [90m{"implicit":60000}[39m
[debug] [35m[W3C (7dbfd47d)][39m Calling AppiumDriver.timeouts() with args: [null,null,null,null,60000,"7dbfd47d-ab50-49b4-ac3a-b6bc0b01d453"]
[debug] [35m[BaseDriver][39m W3C timeout argument: {"implicit":60000}}
[debug] [35m[BaseDriver][39m Set implicit wait to 60000ms
[debug] [35m[W3C (7dbfd47d)][39m Responding to client with driver.timeouts() result: null
[35m[HTTP][39m [37m<-- POST /wd/hub/session/7dbfd47d-ab50-49b4-ac3a-b6bc0b01d453/timeouts [39m[32m200[39m [90m15 ms - 14[39m
[35m[HTTP][39m [90m[39m
[35m[HTTP][39m [37m-->[39m [37mGET[39m [37m/wd/hub/session/7dbfd47d-ab50-49b4-ac3a-b6bc0b01d453/source[39m
[35m[HTTP][39m [90m{}[39m
[35m[W3C (7dbfd47d)][39m Driver proxy active, passing request on via HTTP proxy
[debug] [35m[WD Proxy][39m Matched '/wd/hub/session/7dbfd47d-ab50-49b4-ac3a-b6bc0b01d453/source' to command name 'getPageSource'
[debug] [35m[WD Proxy][39m Proxying [GET /wd/hub/session/7dbfd47d-ab50-49b4-ac3a-b6bc0b01d453/source] to [GET http://localhost:33537/wd/hub/session/1e59e0dd-e3a2-4549-bcf0-142bef04e8ab/source] with body: {}
[debug] [35m[WD Proxy][39m Got response with status 200: {"sessionId":"1e59e0dd-e3a2-4549-bcf0-142bef04e8ab","value":"<?xml version='1.0' encoding='UTF-8' standalone='yes' ?>\r\n<hierarchy index=\"0\" class=\"hierarchy\" rotation=\"0\" width=\"720\" height=\"1280\">\r\n  <android.widget.FrameLayout index=\"0\" package=\"id.co.koperasisyariah212\" class=\"android.widget.FrameLayout\" text=\"\" checkable=\"false\" checked=\"false\" clickable=\"false\" enabled=\"true\" focusable=\"false\" focused=\"false\" long-clickable=\"false\" password=\"false\" scrollable=\"false\" selected=\"false\" bounds=\"[0,0][720,1280]\" displayed=\"true\">\r\n    <android.widget.LinearLayout index=\"0\" package=\"id.co.koperasisyariah212\" class=\"android.widget.LinearLayout\" text=\"\" checkable=\"false\" checked=\"false\" clickable=\"false\" enabled=\"true\" focusable=\"false\" focused=\"false\" long-clickable=\"false\" password=\"false\" scrollable=\"false\" selected=\"false\" bounds=\"[0,0][720,1280]\" displayed=\"true\">\r\n      <android.widget.FrameLayout index=\"0\" package=\"id...
[35m[WD Proxy][39m Replacing sessionId 1e59e0dd-e3a2-4549-bcf0-142bef04e8ab with 7dbfd47d-ab50-49b4-ac3a-b6bc0b01d453
[35m[HTTP][39m [37m<-- GET /wd/hub/session/7dbfd47d-ab50-49b4-ac3a-b6bc0b01d453/source [39m[32m200[39m [90m79 ms - 3287[39m
[35m[HTTP][39m [90m[39m
[35m[HTTP][39m [37m-->[39m [37mGET[39m [37m/wd/hub/session/7dbfd47d-ab50-49b4-ac3a-b6bc0b01d453/screenshot[39m
[35m[HTTP][39m [90m{}[39m
[debug] [35m[W3C (7dbfd47d)][39m Calling AppiumDriver.getScreenshot() with args: ["7dbfd47d-ab50-49b4-ac3a-b6bc0b01d453"]
[debug] [35m[WD Proxy][39m Matched '/screenshot' to command name 'getScreenshot'
[debug] [35m[WD Proxy][39m Proxying [GET /screenshot] to [GET http://localhost:33537/wd/hub/session/1e59e0dd-e3a2-4549-bcf0-142bef04e8ab/screenshot] with no body
[debug] [35m[WD Proxy][39m Got response with status 200: {"sessionId":"1e59e0dd-e3a2-4549-bcf0-142bef04e8ab","value":"iVBORw0KGgoAAAANSUhEUgAAAtAAAAUACAYAAABuzmU9AAAABHNCSVQICAgIfAhkiAAAGIBJREFU\neJzt1sENwCAQwLCD\/XduVyAvhGRPkGfWzHwDAAAc2bcDAADgJQYaAAACAw0AAIGBBgCAwEADAEBg\noAEAIDDQAAAQGGgAAAgMNAAABAYaAAACAw0AAIGBBgCAwEADAEBgoAEAIDDQAAAQGGgAAAgMNAAA\nBAYaAAACAw0AAIGBBgCAwEADAEBgoAEAIDDQAAAQGGgAAAgMNAAABAYaAAACAw0AAIGBBgCAwEAD\nAEBgoAEAIDDQAAAQGGgAAAgMNAAABAYaAAACAw0AAIGBBgCAwEADAEBgoAEAIDDQAAAQGGgAAAgM\nNAAABAYaAAACAw0AAIGBBgCAwEADAEBgoAEAIDDQAAAQGGgAAAgMNAAABAYaAAACAw0AAIGBBgCA\nwEADAEBgoAEAIDDQAAAQGGgAAAgMNAAABAYaAAACAw0AAIGBBgCAwEADAEBgoAEAIDDQAAAQGGgA\nAAgMNAAABAYaAAACAw0AAIGBBgCAwEADAEBgoAEAIDDQAAAQGGgAAAgMNAAABAYaAAACAw0AAIGB\nBgCAwEADAEBgoAEAIDDQAAAQGGgAAAgMNAAABAYaAAACAw0AAIGBBgCAwEADAEBgoAEAIDDQAAAQ\nGGgAAAgMNAAABAYaAAACAw0AAIGBBgCAwEADAEBgoAEAIDDQAAAQGGgAAAgMNAAABAYaAAACAw0A\nAIGBBgCAwEADAEBgoAEAIDDQAAAQGGgAAAgMNAAABAYaAAACAw0AAIGBBgCAwEADAEBgoAEAIDDQ\nAAAQGGgAAAgMNAAABAYaAAACAw0AAIGBBgCAwEADAEBgoAEAIDDQAAAQGGgAAAgMNAAABAYaAAAC\nAw0AAIGBBgCAwEADAEBgoAE...
[debug] [35m[W3C (7dbfd47d)][39m Responding to client with driver.getScreenshot() result: "iVBORw0KGgoAAAANSUhEUgAAAtAAAAUACAYAAABuzmU9AAAABHNCSVQICAgIfAhkiAAAGIBJREFU\neJzt1sENwCAQwLCD/XduVyAvhGRPkGfWzHwDAAAc2bcDAADgJQYaAAACAw0AAIGBBgCAwEADAEBg\noAEAIDDQAAAQGGgAAAgMNAAABAYaAAACAw0AAIGBBgCAwEADAEBgoAEAIDDQAAAQGGgAAAgMNAAA\nBAYaAAACAw0AAIGBBgCAwEADAEBgoAEAIDDQAAAQGGgAAAgMNAAABAYaAAACAw0AAIGBBgCAwEAD\nAEBgoAEAIDDQAAAQGGgAAAgMNAAABAYaAAACAw0AAIGBBgCAwEADAEBgoAEAIDDQAAAQGGgAAAgM\nNAAABAYaAAACAw0AAIGBBgCAwEADAEBgoAEAIDDQAAAQGGgAAAgMNAAABAYaAAACAw0AAIGBBgCA\nwEADAEBgoAEAIDDQAAAQGGgAAAgMNAAABAYaAAACAw0AAIGBBgCAwEADAEBgoAEAIDDQAAAQGGgA\nAAgMNAAABAYaAAACAw0AAIGBBgCAwEADAEBgoAEAIDDQAAAQGGgAAAgMNAAABAYaAAACAw0AAIGB\nBgCAwEADAEBgoAEAIDDQAAAQGGgAAAgMNAAABAYaAAACAw0AAIGBBgCAwEADAEBgoAEAIDDQAAAQ\nGGgAAAgMNAAABAYaAAACAw0AAIGBBgCAwEADAEBgoAEAIDDQAAAQGGgAAAgMNAAABAYaAAACAw0A\nAIGBBgCAwEADAEBgoAEAIDDQAAAQGGgAAAgMNAAABAYaAAACAw0AAIGBBgCAwEADAEBgoAEAIDDQ\nAAAQGGgAAAgMNAAABAYaAAACAw0AAIGBBgCAwEADAEBgoAEAIDDQAAAQGGgAAAgMNAAABAYaAAAC\nAw0AAIGBBgCAwEADAEBgoAEAIDDQAAAQGGgAAAgMNAAABAYaAAACAw0AAIGBBgCAwEADAEBgoAEA\nIDDQAA...
[35m[HTTP][39m [37m<-- GET /wd/hub/session/7dbfd47d-ab50-49b4-ac3a-b6bc0b01d453/screenshot [39m[32m200[39m [90m415 ms - 8696[39m
[35m[HTTP][39m [90m[39m
[35m[HTTP][39m [37m-->[39m [37mGET[39m [37m/wd/hub/session/7dbfd47d-ab50-49b4-ac3a-b6bc0b01d453/context[39m
[35m[HTTP][39m [90m{}[39m
[debug] [35m[W3C (7dbfd47d)][39m Calling AppiumDriver.getCurrentContext() with args: ["7dbfd47d-ab50-49b4-ac3a-b6bc0b01d453"]
[debug] [35m[W3C (7dbfd47d)][39m Responding to client with driver.getCurrentContext() result: "NATIVE_APP"
[35m[HTTP][39m [37m<-- GET /wd/hub/session/7dbfd47d-ab50-49b4-ac3a-b6bc0b01d453/context [39m[32m200[39m [90m7 ms - 22[39m
[35m[HTTP][39m [90m[39m
[35m[HTTP][39m [37m-->[39m [37mGET[39m [37m/wd/hub/session/7dbfd47d-ab50-49b4-ac3a-b6bc0b01d453/contexts[39m
[35m[HTTP][39m [90m{}[39m
[debug] [35m[W3C (7dbfd47d)][39m Calling AppiumDriver.getContexts() with args: ["7dbfd47d-ab50-49b4-ac3a-b6bc0b01d453"]
[debug] [35m[AndroidDriver][39m Getting a list of available webviews
[debug] [35m[ADB][39m Running '/home/aji/.katalon/tools/android_sdk/platform-tools/adb -P 5037 -s dc9ce49e1f5c3 shell cat /proc/net/unix'
[35m[AndroidDriver][39m Not checking whether webviews have active pages; use the 'ensureWebviewsHavePages' cap to turn this check on
[debug] [35m[AndroidDriver][39m Found webviews: []
[debug] [35m[AndroidDriver][39m Available contexts: ["NATIVE_APP"]
[debug] [35m[W3C (7dbfd47d)][39m Responding to client with driver.getContexts() result: ["NATIVE_APP"]
[35m[HTTP][39m [37m<-- GET /wd/hub/session/7dbfd47d-ab50-49b4-ac3a-b6bc0b01d453/contexts [39m[32m200[39m [90m89 ms - 24[39m
[35m[HTTP][39m [90m[39m
[35m[HTTP][39m [37m-->[39m [37mPOST[39m [37m/wd/hub/session/7dbfd47d-ab50-49b4-ac3a-b6bc0b01d453/context[39m
[35m[HTTP][39m [90m{"name":"NATIVE_APP"}[39m
[debug] [35m[W3C (7dbfd47d)][39m Calling AppiumDriver.setContext() with args: ["NATIVE_APP","7dbfd47d-ab50-49b4-ac3a-b6bc0b01d453"]
[debug] [35m[W3C (7dbfd47d)][39m Responding to client with driver.setContext() result: null
[35m[HTTP][39m [37m<-- POST /wd/hub/session/7dbfd47d-ab50-49b4-ac3a-b6bc0b01d453/context [39m[32m200[39m [90m19 ms - 14[39m
[35m[HTTP][39m [90m[39m
[35m[HTTP][39m [37m-->[39m [37mPOST[39m [37m/wd/hub/session/7dbfd47d-ab50-49b4-ac3a-b6bc0b01d453/appium/device/press_keycode[39m
[35m[HTTP][39m [90m{"keycode":4}[39m
[debug] [35m[W3C (7dbfd47d)][39m Calling AppiumDriver.pressKeyCode() with args: [4,null,null,null,null,"7dbfd47d-ab50-49b4-ac3a-b6bc0b01d453"]
[debug] [35m[WD Proxy][39m Matched '/appium/device/press_keycode' to command name 'pressKeyCode'
[debug] [35m[WD Proxy][39m Proxying [POST /appium/device/press_keycode] to [POST http://localhost:33537/wd/hub/session/1e59e0dd-e3a2-4549-bcf0-142bef04e8ab/appium/device/press_keycode] with body: {"keycode":4,"metastate":null,"flags":null}
[debug] [35m[WD Proxy][39m Got response with status 200: {"sessionId":"1e59e0dd-e3a2-4549-bcf0-142bef04e8ab","value":null}
[debug] [35m[W3C (7dbfd47d)][39m Responding to client with driver.pressKeyCode() result: null
[35m[HTTP][39m [37m<-- POST /wd/hub/session/7dbfd47d-ab50-49b4-ac3a-b6bc0b01d453/appium/device/press_keycode [39m[32m200[39m [90m265 ms - 14[39m
[35m[HTTP][39m [90m[39m
[35m[HTTP][39m [37m-->[39m [37mPOST[39m [37m/wd/hub/session/7dbfd47d-ab50-49b4-ac3a-b6bc0b01d453/context[39m
[35m[HTTP][39m [90m{"name":"NATIVE_APP"}[39m
[debug] [35m[W3C (7dbfd47d)][39m Calling AppiumDriver.setContext() with args: ["NATIVE_APP","7dbfd47d-ab50-49b4-ac3a-b6bc0b01d453"]
[debug] [35m[W3C (7dbfd47d)][39m Responding to client with driver.setContext() result: null
[35m[HTTP][39m [37m<-- POST /wd/hub/session/7dbfd47d-ab50-49b4-ac3a-b6bc0b01d453/context [39m[32m200[39m [90m8 ms - 14[39m
[35m[HTTP][39m [90m[39m
[35m[HTTP][39m [37m-->[39m [37mGET[39m [37m/wd/hub/session/7dbfd47d-ab50-49b4-ac3a-b6bc0b01d453/source[39m
[35m[HTTP][39m [90m{}[39m
[35m[W3C (7dbfd47d)][39m Driver proxy active, passing request on via HTTP proxy
[debug] [35m[WD Proxy][39m Matched '/wd/hub/session/7dbfd47d-ab50-49b4-ac3a-b6bc0b01d453/source' to command name 'getPageSource'
[debug] [35m[WD Proxy][39m Proxying [GET /wd/hub/session/7dbfd47d-ab50-49b4-ac3a-b6bc0b01d453/source] to [GET http://localhost:33537/wd/hub/session/1e59e0dd-e3a2-4549-bcf0-142bef04e8ab/source] with body: {}
[debug] [35m[WD Proxy][39m Got response with status 200: {"sessionId":"1e59e0dd-e3a2-4549-bcf0-142bef04e8ab","value":"<?xml version='1.0' encoding='UTF-8' standalone='yes' ?>\r\n<hierarchy index=\"0\" class=\"hierarchy\" rotation=\"0\" width=\"720\" height=\"1280\">\r\n  <android.widget.FrameLayout index=\"0\" package=\"id.co.koperasisyariah212\" class=\"android.widget.FrameLayout\" text=\"\" checkable=\"false\" checked=\"false\" clickable=\"false\" enabled=\"true\" focusable=\"false\" focused=\"false\" long-clickable=\"false\" password=\"false\" scrollable=\"false\" selected=\"false\" bounds=\"[0,0][720,1280]\" displayed=\"true\">\r\n    <android.widget.LinearLayout index=\"0\" package=\"id.co.koperasisyariah212\" class=\"android.widget.LinearLayout\" text=\"\" checkable=\"false\" checked=\"false\" clickable=\"false\" enabled=\"true\" focusable=\"false\" focused=\"false\" long-clickable=\"false\" password=\"false\" scrollable=\"false\" selected=\"false\" bounds=\"[0,0][720,1280]\" displayed=\"true\">\r\n      <android.widget.FrameLayout index=\"0\" package=\"id...
[35m[WD Proxy][39m Replacing sessionId 1e59e0dd-e3a2-4549-bcf0-142bef04e8ab with 7dbfd47d-ab50-49b4-ac3a-b6bc0b01d453
[35m[HTTP][39m [37m<-- GET /wd/hub/session/7dbfd47d-ab50-49b4-ac3a-b6bc0b01d453/source [39m[32m200[39m [90m236 ms - 10711[39m
[35m[HTTP][39m [90m[39m
[35m[HTTP][39m [37m-->[39m [37mGET[39m [37m/wd/hub/session/7dbfd47d-ab50-49b4-ac3a-b6bc0b01d453/screenshot[39m
[35m[HTTP][39m [90m{}[39m
[debug] [35m[W3C (7dbfd47d)][39m Calling AppiumDriver.getScreenshot() with args: ["7dbfd47d-ab50-49b4-ac3a-b6bc0b01d453"]
[debug] [35m[WD Proxy][39m Matched '/screenshot' to command name 'getScreenshot'
[debug] [35m[WD Proxy][39m Proxying [GET /screenshot] to [GET http://localhost:33537/wd/hub/session/1e59e0dd-e3a2-4549-bcf0-142bef04e8ab/screenshot] with no body
[debug] [35m[WD Proxy][39m Got response with status 200: {"sessionId":"1e59e0dd-e3a2-4549-bcf0-142bef04e8ab","value":"iVBORw0KGgoAAAANSUhEUgAAAtAAAAUACAYAAABuzmU9AAAABHNCSVQICAgIfAhkiAAAIABJREFU\neJzsvXeUHEee3\/mJyKrqrvYODaDhAQIgABIkQW9AzpDDmeF4s7NeK91Ku6tdaU+rvZNO70mnu9M7\no3vSvTNPezIr3aw062Y1OzOa4XIMyaEn6D1IAIRHw6Mb7U1VZcT9Eemqurq7qru6u0D+PniNqsrI\njIw0kfHNX\/ziF+rmB75pEQRBEARBEAShIvRKF0AQBEEQBEEQriVEQAuCIAiCIAhCFYiAFgRBEARB\nEIQqEAEtCIIgCIIgCFUgAloQBEEQBEEQqkAEtCAIgiAIgiBUgQhoQRAEQRAEQagCEdCCIAiCIAiC\nUAUioAVBEARBEAShCkRAC4IgCHVDc3Oazo5G0unKmifP03S0N9LSnFnikgmCIMSkVroAgiAIgpBJ\ne6zubebmG3vp6mjk7fcu8cGHA0xP+7Nuk05rdl7Xxb69axgZnebNdy9y\/sI4ufzs2wiCINQCEdCC\nIAjCitLSnGHP9T184r4N7Njaxeh4jvGJPCdOD88poDNpj22bO7llby9trQ3sub6Hp547zXuHLjMy\nmlu28mcyHh1tDbS2ZGhqSpPyNOm0plAw5POG8ck8Y2M5hkamyeVE3AvCRwER0IIgCMKK0d7WwF23\n9fHQ\/Zvo7Gjkgw8HeOPtC7z93mXSac0Nu3roaG+kIePheQpjYHq6wNDINBcvjfP0C6cZGp5i302r\nuX57N1\/74g46Oxp54ZWzDA1PLVm5GxtTrF3dzIa+Nlb3NrOqO0t7WwMtzRnSaSeg83knoMfGcwyP\nTnP5yiQXL41z5twI5y+OMzVVWLLyCcuH1oqGjMd0zscYu9LFEZYJEdCCIAjCitDSnOGu2\/r47ENb\nyKQ9nn+pn6eeP830tM...
[debug] [35m[W3C (7dbfd47d)][39m Responding to client with driver.getScreenshot() result: "iVBORw0KGgoAAAANSUhEUgAAAtAAAAUACAYAAABuzmU9AAAABHNCSVQICAgIfAhkiAAAIABJREFU\neJzsvXeUHEee3/mJyKrqrvYODaDhAQIgABIkQW9AzpDDmeF4s7NeK91Ku6tdaU+rvZNO70mnu9M7\no3vSvTNPezIr3aw062Y1OzOa4XIMyaEn6D1IAIRHw6Mb7U1VZcT9Eemqurq7qru6u0D+PniNqsrI\njIw0kfHNX/ziF+rmB75pEQRBEARBEAShIvRKF0AQBEEQBEEQriVEQAuCIAiCIAhCFYiAFgRBEARB\nEIQqEAEtCIIgCIIgCFUgAloQBEEQBEEQqkAEtCAIgiAIgiBUgQhoQRAEQRAEQagCEdCCIAiCIAiC\nUAUioAVBEARBEAShCkRAC4IgCHVDc3Oazo5G0unKmifP03S0N9LSnFnikgmCIMSkVroAgiAIgpBJ\ne6zubebmG3vp6mjk7fcu8cGHA0xP+7Nuk05rdl7Xxb69axgZnebNdy9y/sI4ufzs2wiCINQCEdCC\nIAjCitLSnGHP9T184r4N7Njaxeh4jvGJPCdOD88poDNpj22bO7llby9trQ3sub6Hp547zXuHLjMy\nmlu28mcyHh1tDbS2ZGhqSpPyNOm0plAw5POG8ck8Y2M5hkamyeVE3AvCRwER0IIgCMKK0d7WwF23\n9fHQ/Zvo7Gjkgw8HeOPtC7z93mXSac0Nu3roaG+kIePheQpjYHq6wNDINBcvjfP0C6cZGp5i302r\nuX57N1/74g46Oxp54ZWzDA1PLVm5GxtTrF3dzIa+Nlb3NrOqO0t7WwMtzRnSaSeg83knoMfGcwyP\nTnP5yiQXL41z5twI5y+OMzVVWLLyCcuH1oqGjMd0zscYu9LFEZYJEdCCIAjCitDSnOGu2/r47ENb\nyKQ9nn+pn6eeP830tM/O7V3s3tnNlo0d9HRnyWZTpDyN71smpwoMDE5w4vQwh44McvjYIEeOXeXB\n/Ru567...
[35m[HTTP][39m [37m<-- GET /wd/hub/session/7dbfd47d-ab50-49b4-ac3a-b6bc0b01d453/screenshot [39m[32m200[39m [90m704 ms - 172344[39m
[35m[HTTP][39m [90m[39m
[35m[HTTP][39m [37m-->[39m [37mGET[39m [37m/wd/hub/session/7dbfd47d-ab50-49b4-ac3a-b6bc0b01d453/window/rect[39m
[35m[HTTP][39m [90m{}[39m
[debug] [35m[W3C (7dbfd47d)][39m Calling AppiumDriver.getWindowRect() with args: ["7dbfd47d-ab50-49b4-ac3a-b6bc0b01d453"]
[debug] [35m[WD Proxy][39m Matched '/window/current/size' to command name 'getWindowSize'
[debug] [35m[WD Proxy][39m Proxying [GET /window/current/size] to [GET http://localhost:33537/wd/hub/session/1e59e0dd-e3a2-4549-bcf0-142bef04e8ab/window/current/size] with body: {}
[debug] [35m[WD Proxy][39m Got response with status 200: {"sessionId":"1e59e0dd-e3a2-4549-bcf0-142bef04e8ab","value":{"height":1280,"width":720}}
[debug] [35m[W3C (7dbfd47d)][39m Responding to client with driver.getWindowRect() result: {"width":720,"height":1280,"x":0,"y":0}
[35m[HTTP][39m [37m<-- GET /wd/hub/session/7dbfd47d-ab50-49b4-ac3a-b6bc0b01d453/window/rect [39m[32m200[39m [90m23 ms - 49[39m
[35m[HTTP][39m [90m[39m
[35m[HTTP][39m [37m-->[39m [37mPOST[39m [37m/wd/hub/session/7dbfd47d-ab50-49b4-ac3a-b6bc0b01d453/elements[39m
[35m[HTTP][39m [90m{"using":"xpath","value":"//hierarchy/android.widget.FrameLayout[1]/android.widget.LinearLayout[1]/android.widget.FrameLayout[1]/android.widget.LinearLayout[1]/android.widget.FrameLayout[1]/android.widget.RelativeLayout[1]/android.widget.ScrollView[1]/android.widget.LinearLayout[1]/android.widget.FrameLayout[1]/android.widget.RelativeLayout[1]/android.widget.TextView[3]"}[39m
[debug] [35m[W3C (7dbfd47d)][39m Calling AppiumDriver.findElements() with args: ["xpath","//hierarchy/android.widget.FrameLayout[1]/android.widget.LinearLayout[1]/android.widget.FrameLayout[1]/android.widget.LinearLayout[1]/android.widget.FrameLayout[1]/android.widget.RelativeLayout[1]/android.widget.ScrollView[1]/android.widget.LinearLayout[1]/android.widget.FrameLayout[1]/android.widget.RelativeLayout[1]/android.widget.TextView[3]","7dbfd47d-ab50-49b4-ac3a-b6bc0b01d453"]
[debug] [35m[BaseDriver][39m Valid locator strategies for this request: xpath, id, class name, accessibility id, -android uiautomator
[debug] [35m[BaseDriver][39m Waiting up to 60000 ms for condition
[debug] [35m[WD Proxy][39m Matched '/elements' to command name 'findElements'
[debug] [35m[WD Proxy][39m Proxying [POST /elements] to [POST http://localhost:33537/wd/hub/session/1e59e0dd-e3a2-4549-bcf0-142bef04e8ab/elements] with body: {"strategy":"xpath","selector":"//hierarchy/android.widget.FrameLayout[1]/android.widget.LinearLayout[1]/android.widget.FrameLayout[1]/android.widget.LinearLayout[1]/android.widget.FrameLayout[1]/android.widget.RelativeLayout[1]/android.widget.ScrollView[1]/android.widget.LinearLayout[1]/android.widget.FrameLayout[1]/android.widget.RelativeLayout[1]/android.widget.TextView[3]","context":"","multiple":true}
[debug] [35m[WD Proxy][39m Got response with status 200: {"sessionId":"1e59e0dd-e3a2-4549-bcf0-142bef04e8ab","value":[{"ELEMENT":"eb6e4186-0ce4-4a4b-99bb-baa453b20373","element-6066-11e4-a52e-4f735466cecf":"eb6e4186-0ce4-4a4b-99bb-baa453b20373"}]}
[debug] [35m[W3C (7dbfd47d)][39m Responding to client with driver.findElements() result: [{"element-6066-11e4-a52e-4f735466cecf":"eb6e4186-0ce4-4a4b-99bb-baa453b20373","ELEMENT":"eb6e4186-0ce4-4a4b-99bb-baa453b20373"}]
[35m[HTTP][39m [37m<-- POST /wd/hub/session/7dbfd47d-ab50-49b4-ac3a-b6bc0b01d453/elements [39m[32m200[39m [90m816 ms - 139[39m
[35m[HTTP][39m [90m[39m
[35m[HTTP][39m [37m-->[39m [37mGET[39m [37m/wd/hub/session/7dbfd47d-ab50-49b4-ac3a-b6bc0b01d453/element/eb6e4186-0ce4-4a4b-99bb-baa453b20373/location[39m
[35m[HTTP][39m [90m{}[39m
[35m[W3C (7dbfd47d)][39m Driver proxy active, passing request on via HTTP proxy
[debug] [35m[WD Proxy][39m Matched '/wd/hub/session/7dbfd47d-ab50-49b4-ac3a-b6bc0b01d453/element/eb6e4186-0ce4-4a4b-99bb-baa453b20373/location' to command name 'getLocation'
[debug] [35m[WD Proxy][39m Proxying [GET /wd/hub/session/7dbfd47d-ab50-49b4-ac3a-b6bc0b01d453/element/eb6e4186-0ce4-4a4b-99bb-baa453b20373/location] to [GET http://localhost:33537/wd/hub/session/1e59e0dd-e3a2-4549-bcf0-142bef04e8ab/element/eb6e4186-0ce4-4a4b-99bb-baa453b20373/location] with body: {}
[debug] [35m[WD Proxy][39m Got response with status 200: {"sessionId":"1e59e0dd-e3a2-4549-bcf0-142bef04e8ab","value":{"x":336,"y":1074}}
[35m[WD Proxy][39m Replacing sessionId 1e59e0dd-e3a2-4549-bcf0-142bef04e8ab with 7dbfd47d-ab50-49b4-ac3a-b6bc0b01d453
[35m[HTTP][39m [37m<-- GET /wd/hub/session/7dbfd47d-ab50-49b4-ac3a-b6bc0b01d453/element/eb6e4186-0ce4-4a4b-99bb-baa453b20373/location [39m[32m200[39m [90m36 ms - 79[39m
[35m[HTTP][39m [90m[39m
[35m[HTTP][39m [37m-->[39m [37mPOST[39m [37m/wd/hub/session/7dbfd47d-ab50-49b4-ac3a-b6bc0b01d453/touch/perform[39m
[35m[HTTP][39m [90m{"actions":[{"action":"tap","options":{"x":1,"y":1,"element":"eb6e4186-0ce4-4a4b-99bb-baa453b20373"}}]}[39m
[debug] [35m[W3C (7dbfd47d)][39m Calling AppiumDriver.performTouch() with args: [[{"action":"tap","options":{"x":1,"y":1,"element":"eb6e4186-0ce4-4a4b-99bb-baa453b20373"}}],"7dbfd47d-ab50-49b4-ac3a-b6bc0b01d453"]
[35m[UiAutomator2][39m calling get location: eb6e4186-0ce4-4a4b-99bb-baa453b20373
[debug] [35m[WD Proxy][39m Matched '/element/eb6e4186-0ce4-4a4b-99bb-baa453b20373/location' to command name 'getLocation'
[debug] [35m[WD Proxy][39m Proxying [GET /element/eb6e4186-0ce4-4a4b-99bb-baa453b20373/location] to [GET http://localhost:33537/wd/hub/session/1e59e0dd-e3a2-4549-bcf0-142bef04e8ab/element/eb6e4186-0ce4-4a4b-99bb-baa453b20373/location] with body: {}
[debug] [35m[WD Proxy][39m Got response with status 200: {"sessionId":"1e59e0dd-e3a2-4549-bcf0-142bef04e8ab","value":{"x":336,"y":1074}}
[debug] [35m[WD Proxy][39m Matched '/element/eb6e4186-0ce4-4a4b-99bb-baa453b20373/click' to command name 'click'
[debug] [35m[WD Proxy][39m Proxying [POST /element/eb6e4186-0ce4-4a4b-99bb-baa453b20373/click] to [POST http://localhost:33537/wd/hub/session/1e59e0dd-e3a2-4549-bcf0-142bef04e8ab/element/eb6e4186-0ce4-4a4b-99bb-baa453b20373/click] with body: {"element":"eb6e4186-0ce4-4a4b-99bb-baa453b20373","x":337,"y":1075}
[debug] [35m[WD Proxy][39m Got response with status 200: {"sessionId":"1e59e0dd-e3a2-4549-bcf0-142bef04e8ab","value":null}
[debug] [35m[W3C (7dbfd47d)][39m Responding to client with driver.performTouch() result: null
[35m[HTTP][39m [37m<-- POST /wd/hub/session/7dbfd47d-ab50-49b4-ac3a-b6bc0b01d453/touch/perform [39m[32m200[39m [90m61 ms - 14[39m
[35m[HTTP][39m [90m[39m
[35m[HTTP][39m [37m-->[39m [37mGET[39m [37m/wd/hub/session/7dbfd47d-ab50-49b4-ac3a-b6bc0b01d453/source[39m
[35m[HTTP][39m [90m{}[39m
[35m[W3C (7dbfd47d)][39m Driver proxy active, passing request on via HTTP proxy
[debug] [35m[WD Proxy][39m Matched '/wd/hub/session/7dbfd47d-ab50-49b4-ac3a-b6bc0b01d453/source' to command name 'getPageSource'
[debug] [35m[WD Proxy][39m Proxying [GET /wd/hub/session/7dbfd47d-ab50-49b4-ac3a-b6bc0b01d453/source] to [GET http://localhost:33537/wd/hub/session/1e59e0dd-e3a2-4549-bcf0-142bef04e8ab/source] with body: {}
[debug] [35m[WD Proxy][39m Got response with status 200: {"sessionId":"1e59e0dd-e3a2-4549-bcf0-142bef04e8ab","value":"<?xml version='1.0' encoding='UTF-8' standalone='yes' ?>\r\n<hierarchy index=\"0\" class=\"hierarchy\" rotation=\"0\" width=\"720\" height=\"1280\">\r\n  <android.widget.FrameLayout index=\"0\" package=\"id.co.koperasisyariah212\" class=\"android.widget.FrameLayout\" text=\"\" checkable=\"false\" checked=\"false\" clickable=\"false\" enabled=\"true\" focusable=\"false\" focused=\"false\" long-clickable=\"false\" password=\"false\" scrollable=\"false\" selected=\"false\" bounds=\"[0,0][720,1280]\" displayed=\"true\">\r\n    <android.widget.LinearLayout index=\"0\" package=\"id.co.koperasisyariah212\" class=\"android.widget.LinearLayout\" text=\"\" checkable=\"false\" checked=\"false\" clickable=\"false\" enabled=\"true\" focusable=\"false\" focused=\"false\" long-clickable=\"false\" password=\"false\" scrollable=\"false\" selected=\"false\" bounds=\"[0,0][720,1280]\" displayed=\"true\">\r\n      <android.widget.FrameLayout index=\"0\" package=\"id...
[35m[WD Proxy][39m Replacing sessionId 1e59e0dd-e3a2-4549-bcf0-142bef04e8ab with 7dbfd47d-ab50-49b4-ac3a-b6bc0b01d453
[35m[HTTP][39m [37m<-- GET /wd/hub/session/7dbfd47d-ab50-49b4-ac3a-b6bc0b01d453/source [39m[32m200[39m [90m1928 ms - 23765[39m
[35m[HTTP][39m [90m[39m
[35m[HTTP][39m [37m-->[39m [37mGET[39m [37m/wd/hub/session/7dbfd47d-ab50-49b4-ac3a-b6bc0b01d453/screenshot[39m
[35m[HTTP][39m [90m{}[39m
[debug] [35m[W3C (7dbfd47d)][39m Calling AppiumDriver.getScreenshot() with args: ["7dbfd47d-ab50-49b4-ac3a-b6bc0b01d453"]
[debug] [35m[WD Proxy][39m Matched '/screenshot' to command name 'getScreenshot'
[debug] [35m[WD Proxy][39m Proxying [GET /screenshot] to [GET http://localhost:33537/wd/hub/session/1e59e0dd-e3a2-4549-bcf0-142bef04e8ab/screenshot] with no body
[debug] [35m[WD Proxy][39m Got response with status 200: {"sessionId":"1e59e0dd-e3a2-4549-bcf0-142bef04e8ab","value":"iVBORw0KGgoAAAANSUhEUgAAAtAAAAUACAYAAABuzmU9AAAABHNCSVQICAgIfAhkiAAAIABJREFU\neJzs3Xd4W+XdPvD7aA\/bsmx57x3HI46z92KFEfYo620phba0paUUCi0ddBfe0re\/Qgsto6WFQlkN\nkDAyyN7bjh0n3nvbsmVt6feHYiWy5HG8Xe7PdeW64mPp+LGPEt\/n0ff5PkLBqpfdICIiIiKiEZFM\n9QCIiIiIiGYSBmgiIiIiIhEYoImIiIiIRGCAJiIiIiISgQGaiIiIiEgEBmgiIiIiIhEYoImIiIiI\nRGCAJiIiIiISgQGaiIiIiEgEBmgiIpo2tFo59KEqyOUj+\/UklUoQqlMhSKuY4JEREV0gm+oBEBER\nKeRSREVqUZAXibBQFU4UtaDkbDusVuegz5HLJchKD0NhfjSMPVYcO9WMxiYTbPbBn0NENB4YoImI\naEoFaRXImWXA6uUJyEwNQ4\/JBlOfHZU13UMGaIVcirRkPebmRyIkWImcWQZs31WDotJWGHtskzZ+\nhUKK0BAlgoMU0GjkkEklkMslcDhcsNtdMJnt6O21octohc3GcE\/034ABmoiIpowuRInF82OxbmUS\n9KEqlJxtx9ETTThR1Aq5XILcbANCdSooFVJIpQJcLsBqdaDLaEVziwmf7alBV7cFhXOiMCsjHDdc\nkwl9qAp7Dtajq9syYeNWqWSIidIiITYEUZFaRISroQtRIkirgFzuCdB2uydA95ps6O6xorXNjOYW\nE2objGhsNsFicUzY+GjySCQClAoprDYnXC73VA+HJgkDNBERTYkgrQKL58fiinUpUMil2L2\/Dtt3\n18BqdSIrIwyzs8KRkhgKQ7gaarUMMqkETqcbZosD7R19qKzpRmlZB86Ud6CsvBNrVyRi8fxYXLom\nGQCwa3\/tuM9Ea7Vy...
[debug] [35m[W3C (7dbfd47d)][39m Responding to client with driver.getScreenshot() result: "iVBORw0KGgoAAAANSUhEUgAAAtAAAAUACAYAAABuzmU9AAAABHNCSVQICAgIfAhkiAAAIABJREFU\neJzs3Xd4W+XdPvD7aA/bsmx57x3HI46z92KFEfYo620phba0paUUCi0ddBfe0re/Qgsto6WFQlkN\nkDAyyN7bjh0n3nvbsmVt6feHYiWy5HG8Xe7PdeW64mPp+LGPEt/n0ff5PkLBqpfdICIiIiKiEZFM\n9QCIiIiIiGYSBmgiIiIiIhEYoImIiIiIRGCAJiIiIiISgQGaiIiIiEgEBmgiIiIiIhEYoImIiIiI\nRGCAJiIiIiISgQGaiIiIiEgEBmgiIpo2tFo59KEqyOUj+/UklUoQqlMhSKuY4JEREV0gm+oBEBER\nKeRSREVqUZAXibBQFU4UtaDkbDusVuegz5HLJchKD0NhfjSMPVYcO9WMxiYTbPbBn0NENB4YoImI\naEoFaRXImWXA6uUJyEwNQ4/JBlOfHZU13UMGaIVcirRkPebmRyIkWImcWQZs31WDotJWGHtskzZ+\nhUKK0BAlgoMU0GjkkEklkMslcDhcsNtdMJnt6O21octohc3GcE/034ABmoiIpowuRInF82OxbmUS\n9KEqlJxtx9ETTThR1Aq5XILcbANCdSooFVJIpQJcLsBqdaDLaEVziwmf7alBV7cFhXOiMCsjHDdc\nkwl9qAp7Dtajq9syYeNWqWSIidIiITYEUZFaRISroQtRIkirgFzuCdB2uydA95ps6O6xorXNjOYW\nE2objGhsNsFicUzY+GjySCQClAoprDYnXC73VA+HJgkDNBERTYkgrQKL58fiinUpUMil2L2/Dtt3\n18BqdSIrIwyzs8KRkhgKQ7gaarUMMqkETqcbZosD7R19qKzpRmlZB86Ud6CsvBNrVyRi8fxYXLom\nGQCwa3/tuM9Ea7VypCaFIifLgJQkHeJigqELUUIqFYZ9rtPpRle3BfWNvais6cLpM+2oqOqCqc8+\nrmOcDI...
[35m[HTTP][39m [37m<-- GET /wd/hub/session/7dbfd47d-ab50-49b4-ac3a-b6bc0b01d453/screenshot [39m[32m200[39m [90m589 ms - 69096[39m
[35m[HTTP][39m [90m[39m
[35m[HTTP][39m [37m-->[39m [37mGET[39m [37m/wd/hub/session/7dbfd47d-ab50-49b4-ac3a-b6bc0b01d453/context[39m
[35m[HTTP][39m [90m{}[39m
[debug] [35m[W3C (7dbfd47d)][39m Calling AppiumDriver.getCurrentContext() with args: ["7dbfd47d-ab50-49b4-ac3a-b6bc0b01d453"]
[debug] [35m[W3C (7dbfd47d)][39m Responding to client with driver.getCurrentContext() result: "NATIVE_APP"
[35m[HTTP][39m [37m<-- GET /wd/hub/session/7dbfd47d-ab50-49b4-ac3a-b6bc0b01d453/context [39m[32m200[39m [90m2 ms - 22[39m
[35m[HTTP][39m [90m[39m
[35m[HTTP][39m [37m-->[39m [37mGET[39m [37m/wd/hub/session/7dbfd47d-ab50-49b4-ac3a-b6bc0b01d453/contexts[39m
[35m[HTTP][39m [90m{}[39m
[debug] [35m[W3C (7dbfd47d)][39m Calling AppiumDriver.getContexts() with args: ["7dbfd47d-ab50-49b4-ac3a-b6bc0b01d453"]
[debug] [35m[AndroidDriver][39m Getting a list of available webviews
[debug] [35m[ADB][39m Running '/home/aji/.katalon/tools/android_sdk/platform-tools/adb -P 5037 -s dc9ce49e1f5c3 shell cat /proc/net/unix'
[35m[AndroidDriver][39m Not checking whether webviews have active pages; use the 'ensureWebviewsHavePages' cap to turn this check on
[debug] [35m[AndroidDriver][39m Found webviews: []
[debug] [35m[AndroidDriver][39m Available contexts: ["NATIVE_APP"]
[debug] [35m[W3C (7dbfd47d)][39m Responding to client with driver.getContexts() result: ["NATIVE_APP"]
[35m[HTTP][39m [37m<-- GET /wd/hub/session/7dbfd47d-ab50-49b4-ac3a-b6bc0b01d453/contexts [39m[32m200[39m [90m88 ms - 24[39m
[35m[HTTP][39m [90m[39m
[35m[HTTP][39m [37m-->[39m [37mPOST[39m [37m/wd/hub/session/7dbfd47d-ab50-49b4-ac3a-b6bc0b01d453/context[39m
[35m[HTTP][39m [90m{"name":"NATIVE_APP"}[39m
[debug] [35m[W3C (7dbfd47d)][39m Calling AppiumDriver.setContext() with args: ["NATIVE_APP","7dbfd47d-ab50-49b4-ac3a-b6bc0b01d453"]
[debug] [35m[W3C (7dbfd47d)][39m Responding to client with driver.setContext() result: null
[35m[HTTP][39m [37m<-- POST /wd/hub/session/7dbfd47d-ab50-49b4-ac3a-b6bc0b01d453/context [39m[32m200[39m [90m2 ms - 14[39m
[35m[HTTP][39m [90m[39m
[35m[HTTP][39m [37m-->[39m [37mPOST[39m [37m/wd/hub/session/7dbfd47d-ab50-49b4-ac3a-b6bc0b01d453/appium/device/press_keycode[39m
[35m[HTTP][39m [90m{"keycode":4}[39m
[debug] [35m[W3C (7dbfd47d)][39m Calling AppiumDriver.pressKeyCode() with args: [4,null,null,null,null,"7dbfd47d-ab50-49b4-ac3a-b6bc0b01d453"]
[debug] [35m[WD Proxy][39m Matched '/appium/device/press_keycode' to command name 'pressKeyCode'
[debug] [35m[WD Proxy][39m Proxying [POST /appium/device/press_keycode] to [POST http://localhost:33537/wd/hub/session/1e59e0dd-e3a2-4549-bcf0-142bef04e8ab/appium/device/press_keycode] with body: {"keycode":4,"metastate":null,"flags":null}
[debug] [35m[WD Proxy][39m Got response with status 200: {"sessionId":"1e59e0dd-e3a2-4549-bcf0-142bef04e8ab","value":null}
[debug] [35m[W3C (7dbfd47d)][39m Responding to client with driver.pressKeyCode() result: null
[35m[HTTP][39m [37m<-- POST /wd/hub/session/7dbfd47d-ab50-49b4-ac3a-b6bc0b01d453/appium/device/press_keycode [39m[32m200[39m [90m43 ms - 14[39m
[35m[HTTP][39m [90m[39m
[35m[HTTP][39m [37m-->[39m [37mPOST[39m [37m/wd/hub/session/7dbfd47d-ab50-49b4-ac3a-b6bc0b01d453/context[39m
[35m[HTTP][39m [90m{"name":"NATIVE_APP"}[39m
[debug] [35m[W3C (7dbfd47d)][39m Calling AppiumDriver.setContext() with args: ["NATIVE_APP","7dbfd47d-ab50-49b4-ac3a-b6bc0b01d453"]
[debug] [35m[W3C (7dbfd47d)][39m Responding to client with driver.setContext() result: null
[35m[HTTP][39m [37m<-- POST /wd/hub/session/7dbfd47d-ab50-49b4-ac3a-b6bc0b01d453/context [39m[32m200[39m [90m3 ms - 14[39m
[35m[HTTP][39m [90m[39m
[35m[HTTP][39m [37m-->[39m [37mGET[39m [37m/wd/hub/session/7dbfd47d-ab50-49b4-ac3a-b6bc0b01d453/source[39m
[35m[HTTP][39m [90m{}[39m
[35m[W3C (7dbfd47d)][39m Driver proxy active, passing request on via HTTP proxy
[debug] [35m[WD Proxy][39m Matched '/wd/hub/session/7dbfd47d-ab50-49b4-ac3a-b6bc0b01d453/source' to command name 'getPageSource'
[debug] [35m[WD Proxy][39m Proxying [GET /wd/hub/session/7dbfd47d-ab50-49b4-ac3a-b6bc0b01d453/source] to [GET http://localhost:33537/wd/hub/session/1e59e0dd-e3a2-4549-bcf0-142bef04e8ab/source] with body: {}
[debug] [35m[WD Proxy][39m Got response with status 200: {"sessionId":"1e59e0dd-e3a2-4549-bcf0-142bef04e8ab","value":"<?xml version='1.0' encoding='UTF-8' standalone='yes' ?>\r\n<hierarchy index=\"0\" class=\"hierarchy\" rotation=\"0\" width=\"720\" height=\"1280\">\r\n  <android.widget.FrameLayout index=\"0\" package=\"id.co.koperasisyariah212\" class=\"android.widget.FrameLayout\" text=\"\" checkable=\"false\" checked=\"false\" clickable=\"false\" enabled=\"true\" focusable=\"false\" focused=\"false\" long-clickable=\"false\" password=\"false\" scrollable=\"false\" selected=\"false\" bounds=\"[0,0][720,1280]\" displayed=\"true\">\r\n    <android.widget.LinearLayout index=\"0\" package=\"id.co.koperasisyariah212\" class=\"android.widget.LinearLayout\" text=\"\" checkable=\"false\" checked=\"false\" clickable=\"false\" enabled=\"true\" focusable=\"false\" focused=\"false\" long-clickable=\"false\" password=\"false\" scrollable=\"false\" selected=\"false\" bounds=\"[0,0][720,1280]\" displayed=\"true\">\r\n      <android.widget.FrameLayout index=\"0\" package=\"id...
[35m[WD Proxy][39m Replacing sessionId 1e59e0dd-e3a2-4549-bcf0-142bef04e8ab with 7dbfd47d-ab50-49b4-ac3a-b6bc0b01d453
[35m[HTTP][39m [37m<-- GET /wd/hub/session/7dbfd47d-ab50-49b4-ac3a-b6bc0b01d453/source [39m[32m200[39m [90m434 ms - 10711[39m
[35m[HTTP][39m [90m[39m
[35m[HTTP][39m [37m-->[39m [37mGET[39m [37m/wd/hub/session/7dbfd47d-ab50-49b4-ac3a-b6bc0b01d453/screenshot[39m
[35m[HTTP][39m [90m{}[39m
[debug] [35m[W3C (7dbfd47d)][39m Calling AppiumDriver.getScreenshot() with args: ["7dbfd47d-ab50-49b4-ac3a-b6bc0b01d453"]
[debug] [35m[WD Proxy][39m Matched '/screenshot' to command name 'getScreenshot'
[debug] [35m[WD Proxy][39m Proxying [GET /screenshot] to [GET http://localhost:33537/wd/hub/session/1e59e0dd-e3a2-4549-bcf0-142bef04e8ab/screenshot] with no body
[debug] [35m[WD Proxy][39m Got response with status 200: {"sessionId":"1e59e0dd-e3a2-4549-bcf0-142bef04e8ab","value":"iVBORw0KGgoAAAANSUhEUgAAAtAAAAUACAYAAABuzmU9AAAABHNCSVQICAgIfAhkiAAAIABJREFU\neJzsvXeUXEeW3vndeJlZlZXlHYACCt4QhiAIgiRoQHaTze5mezPd41s6LTM7o9VKmt3V6pzVOp09\nu9oj7VkdnZ2VNLOzPZoe1z3tpptDNtlk0wP0JACC8K6qYAqF8j4zX9z9I+KZ9JlVWVUJ4v5wCpn5\n4r148Uy8+N6NGzdo36PfYQiCIAiCIAiCUBZqpQsgCIIgCIIgCLcSIqAFQRAEQRAEoQJEQAuCIAiC\nIAhCBYiAFgRBEARBEIQKEAEtCIIgCIIgCBUgAloQBEEQBEEQKkAEtCAIgiAIgiBUgAhoQRAEQRAE\nQagAEdCCIAiCIAiCUAEioAVBEISaIZGIoq21HtFoec2T4yi0ttSjMRFb4pIJgiAERFa6AIIgCIIQ\nizpY1Z3Avju70d5aj6Mf3sDJs8OYn3cLbhONKuzY2o79e1djYnIe7x8fxLXr00imCm8jCIJQDURA\nC4IgCCtKYyKG3Xd04hMP92L75nZMTicxPZPCxb7xogI6FnWwZWMb7t7bjeamOuy+oxMvvtqHD08N\nYWIyuWzlj8UctDbXoakxhoaGKCKOQjSqkE5rpFIa07MpTE0lMTYxj2RSxL0gfBwQAS0IgiCsGC3N\ndTh4oAePP7IBba31OHl2GO8dvY6jHw4hGlXYs7MTrS31qIs5cByC1sD8fBpjE\/MYvDGNl17vw9j4\nHPbftQp3bOvA1764HW2t9Xj9rSsYG59bsnLX10ewZlUCvT3NWNWdQFdHHC3NdWhMxBCNGgGdShkB\nPTWdxPjkPIZuzmLwxjT6r07g2uA05ubSS1Y+YflQilAXczCfdKE1r3RxhGVCBLQgCIKwIjQmYjh4\noAeffXwTYlEHr70xgBdf68P...
[debug] [35m[W3C (7dbfd47d)][39m Responding to client with driver.getScreenshot() result: "iVBORw0KGgoAAAANSUhEUgAAAtAAAAUACAYAAABuzmU9AAAABHNCSVQICAgIfAhkiAAAIABJREFU\neJzsvXeUXEeW3vndeJlZlZXlHYACCt4QhiAIgiRoQHaTze5mezPd41s6LTM7o9VKmt3V6pzVOp09\nu9oj7VkdnZ2VNLOzPZoe1z3tpptDNtlk0wP0JACC8K6qYAqF8j4zX9z9I+KZ9JlVWVUJ4v5wCpn5\n4r148Uy8+N6NGzdo36PfYQiCIAiCIAiCUBZqpQsgCIIgCIIgCLcSIqAFQRAEQRAEoQJEQAuCIAiC\nIAhCBYiAFgRBEARBEIQKEAEtCIIgCIIgCBUgAloQBEEQBEEQKkAEtCAIgiAIgiBUgAhoQRAEQRAE\nQagAEdCCIAiCIAiCUAEioAVBEISaIZGIoq21HtFoec2T4yi0ttSjMRFb4pIJgiAERFa6AIIgCIIQ\nizpY1Z3Avju70d5aj6Mf3sDJs8OYn3cLbhONKuzY2o79e1djYnIe7x8fxLXr00imCm8jCIJQDURA\nC4IgCCtKYyKG3Xd04hMP92L75nZMTicxPZPCxb7xogI6FnWwZWMb7t7bjeamOuy+oxMvvtqHD08N\nYWIyuWzlj8UctDbXoakxhoaGKCKOQjSqkE5rpFIa07MpTE0lMTYxj2RSxL0gfBwQAS0IgiCsGC3N\ndTh4oAePP7IBba31OHl2GO8dvY6jHw4hGlXYs7MTrS31qIs5cByC1sD8fBpjE/MYvDGNl17vw9j4\nHPbftQp3bOvA1764HW2t9Xj9rSsYG59bsnLX10ewZlUCvT3NWNWdQFdHHC3NdWhMxBCNGgGdShkB\nPTWdxPjkPIZuzmLwxjT6r07g2uA05ubSS1Y+YflQilAXczCfdKE1r3RxhGVCBLQgCIKwIjQmYjh4\noAeffXwTYlEHr70xgBdf68P8vIsd29qxa0cHNq1vRWdHHPF4BBFHwXUZs3NpDI/M4GLfOE6dGcHp\n8yM4c3...
[35m[HTTP][39m [37m<-- GET /wd/hub/session/7dbfd47d-ab50-49b4-ac3a-b6bc0b01d453/screenshot [39m[32m200[39m [90m551 ms - 171978[39m
[35m[HTTP][39m [90m[39m
[35m[HTTP][39m [37m-->[39m [37mDELETE[39m [37m/wd/hub/session/7dbfd47d-ab50-49b4-ac3a-b6bc0b01d453[39m
[35m[HTTP][39m [90m{}[39m
[debug] [35m[W3C (7dbfd47d)][39m Calling AppiumDriver.deleteSession() with args: ["7dbfd47d-ab50-49b4-ac3a-b6bc0b01d453"]
[debug] [35m[BaseDriver][39m Event 'quitSessionRequested' logged at 1576054300896 (15:51:40 GMT+0700 (Western Indonesia Time))
[35m[Appium][39m Removing session 7dbfd47d-ab50-49b4-ac3a-b6bc0b01d453 from our master session list
[debug] [35m[UiAutomator2][39m Deleting UiAutomator2 session
[debug] [35m[UiAutomator2][39m Deleting UiAutomator2 server session
[debug] [35m[WD Proxy][39m Matched '/' to command name 'deleteSession'
[debug] [35m[WD Proxy][39m Proxying [DELETE /] to [DELETE http://localhost:33537/wd/hub/session/1e59e0dd-e3a2-4549-bcf0-142bef04e8ab] with no body
[debug] [35m[WD Proxy][39m Got response with status 200: {"sessionId":"1e59e0dd-e3a2-4549-bcf0-142bef04e8ab","value":null}
[debug] [35m[ADB][39m Running '/home/aji/.katalon/tools/android_sdk/platform-tools/adb -P 5037 -s dc9ce49e1f5c3 shell am force-stop id.co.koperasisyariah212'
[debug] [35m[Instrumentation][39m .
[debug] [35m[Instrumentation][39m Time: 90,087
[debug] [35m[Instrumentation][39m 
[debug] [35m[Instrumentation][39m OK (1 test)
[debug] [35m[Instrumentation][39m The process has exited with code 0
[debug] [35m[Logcat][39m Stopping logcat capture
[debug] [35m[ADB][39m Removing forwarded port socket connection: 33537 
[debug] [35m[ADB][39m Running '/home/aji/.katalon/tools/android_sdk/platform-tools/adb -P 5037 -s dc9ce49e1f5c3 forward --remove tcp\:33537'
[debug] [35m[BaseDriver][39m Event 'quitSessionFinished' logged at 1576054302523 (15:51:42 GMT+0700 (Western Indonesia Time))
[debug] [35m[W3C (7dbfd47d)][39m Received response: null
[debug] [35m[W3C (7dbfd47d)][39m But deleting session, so not returning
[debug] [35m[W3C (7dbfd47d)][39m Responding to client with driver.deleteSession() result: null
[35m[HTTP][39m [37m<-- DELETE /wd/hub/session/7dbfd47d-ab50-49b4-ac3a-b6bc0b01d453 [39m[32m200[39m [90m1629 ms - 14[39m
[35m[HTTP][39m [90m[39m
